2026-01-18T19:35:32.918+05:30  INFO 692 --- [assignment] [restartedMain] c.y.assignment.AssignmentApplication     : Starting AssignmentApplication using Java 25.0.1 with PID 692 (C:\Users\Mani.D\Desktop\Spring-boot\assignment\target\classes started by Mani.D in C:\Users\Mani.D\Desktop\Spring-boot\assignment)
2026-01-18T19:35:32.929+05:30 DEBUG 692 --- [assignment] [restartedMain] c.y.assignment.AssignmentApplication     : Running with Spring Boot v4.0.1, Spring v7.0.2
2026-01-18T19:35:32.932+05:30  INFO 692 --- [assignment] [restartedMain] c.y.assignment.AssignmentApplication     : No active profile set, falling back to 1 default profile: "default"
2026-01-18T19:35:33.023+05:30  INFO 692 --- [assignment] [restartedMain] .e.DevToolsPropertyDefaultsPostProcessor : Devtools property defaults active! Set 'spring.devtools.add-properties' to 'false' to disable
2026-01-18T19:35:33.024+05:30  INFO 692 --- [assignment] [restartedMain] .e.DevToolsPropertyDefaultsPostProcessor : For additional web related logging consider setting the 'logging.level.web' property to 'DEBUG'
2026-01-18T19:35:34.382+05:30  INFO 692 --- [assignment] [restartedMain] .s.d.r.c.RepositoryConfigurationDelegate : Bootstrapping Spring Data JPA repositories in DEFAULT mode.
2026-01-18T19:35:34.466+05:30  INFO 692 --- [assignment] [restartedMain] .s.d.r.c.RepositoryConfigurationDelegate : Finished Spring Data repository scanning in 72 ms. Found 3 JPA repository interfaces.
2026-01-18T19:35:44.549+05:30  INFO 692 --- [assignment] [restartedMain] o.s.boot.tomcat.TomcatWebServer          : Tomcat initialized with port 8080 (http)
2026-01-18T19:35:44.582+05:30  INFO 692 --- [assignment] [restartedMain] o.apache.catalina.core.StandardService   : Starting service [Tomcat]
2026-01-18T19:35:44.583+05:30  INFO 692 --- [assignment] [restartedMain] o.apache.catalina.core.StandardEngine    : Starting Servlet engine: [Apache Tomcat/11.0.15]
2026-01-18T19:35:44.702+05:30  INFO 692 --- [assignment] [restartedMain] b.w.c.s.WebApplicationContextInitializer : Root WebApplicationContext: initialization completed in 11676 ms
2026-01-18T19:35:45.115+05:30  INFO 692 --- [assignment] [restartedMain] org.hibernate.orm.jpa                    : HHH008540: Processing PersistenceUnitInfo [name: default]
2026-01-18T19:35:45.308+05:30  INFO 692 --- [assignment] [restartedMain] org.hibernate.orm.core                   : HHH000001: Hibernate ORM core version 7.2.0.Final
2026-01-18T19:35:46.512+05:30  INFO 692 --- [assignment] [restartedMain] o.s.o.j.p.SpringPersistenceUnitInfo      : No LoadTimeWeaver setup: ignoring JPA class transformer
2026-01-18T19:35:46.597+05:30  INFO 692 --- [assignment] [restartedMain] com.zaxxer.hikari.HikariDataSource       : HikariPool-1 - Starting...
2026-01-18T19:35:47.771+05:30  INFO 692 --- [assignment] [restartedMain] com.zaxxer.hikari.pool.HikariPool        : HikariPool-1 - Added connection com.mysql.cj.jdbc.ConnectionImpl@3d312ac
2026-01-18T19:35:47.775+05:30  INFO 692 --- [assignment] [restartedMain] com.zaxxer.hikari.HikariDataSource       : HikariPool-1 - Start completed.
2026-01-18T19:35:48.003+05:30  INFO 692 --- [assignment] [restartedMain] org.hibernate.orm.connections.pooling    : HHH10001005: Database info:
	Database JDBC URL [jdbc:mysql://localhost:3306/assignment]
	Database driver: MySQL Connector/J
	Database dialect: MySQLDialect
	Database version: 8.0.44
	Default catalog/schema: assignment/undefined
	Autocommit mode: undefined/unknown
	Isolation level: REPEATABLE_READ [default REPEATABLE_READ]
	JDBC fetch size: none
	Pool: DataSourceConnectionProvider
	Minimum pool size: undefined/unknown
	Maximum pool size: undefined/unknown
2026-01-18T19:35:50.387+05:30  INFO 692 --- [assignment] [restartedMain] org.hibernate.orm.core                   : HHH000489: No JTA platform available (set 'hibernate.transaction.jta.platform' to enable JTA platform integration)
2026-01-18T19:35:50.670+05:30  INFO 692 --- [assignment] [restartedMain] j.LocalContainerEntityManagerFactoryBean : Initialized JPA EntityManagerFactory for persistence unit 'default'
2026-01-18T19:35:50.957+05:30  INFO 692 --- [assignment] [restartedMain] o.s.d.j.r.query.QueryEnhancerFactories   : Hibernate is in classpath; If applicable, HQL parser will be used.
2026-01-18T19:35:53.307+05:30  WARN 692 --- [assignment] [restartedMain] JpaBaseConfiguration$JpaWebConfiguration : spring.jpa.open-in-view is enabled by default. Therefore, database queries may be performed during view rendering. Explicitly configure spring.jpa.open-in-view to disable this warning
2026-01-18T19:35:53.359+05:30  INFO 692 --- [assignment] [restartedMain] o.s.v.b.OptionalValidatorFactoryBean     : Failed to set up a Bean Validation provider: jakarta.validation.NoProviderFoundException: Unable to create a Configuration, because no Jakarta Validation provider could be found. Add a provider like Hibernate Validator (RI) to your classpath.
2026-01-18T19:35:53.935+05:30  INFO 692 --- [assignment] [restartedMain] o.s.boot.tomcat.TomcatWebServer          : Tomcat started on port 8080 (http) with context path '/'
2026-01-18T19:35:53.947+05:30  INFO 692 --- [assignment] [restartedMain] c.y.assignment.AssignmentApplication     : Started AssignmentApplication in 21.746 seconds (process running for 23.068)
2026-01-18T19:36:12.269+05:30  INFO 692 --- [assignment] [http-nio-8080-exec-1] o.a.c.c.C.[Tomcat].[localhost].[/]       : Initializing Spring DispatcherServlet 'dispatcherServlet'
2026-01-18T19:36:12.269+05:30  INFO 692 --- [assignment] [http-nio-8080-exec-1] o.s.web.servlet.DispatcherServlet        : Initializing Servlet 'dispatcherServlet'
2026-01-18T19:36:12.269+05:30  INFO 692 --- [assignment] [http-nio-8080-exec-1] o.s.web.servlet.DispatcherServlet        : Completed initialization in 0 ms
2026-01-18T19:36:14.663+05:30  INFO 692 --- [assignment] [http-nio-8080-exec-9] o.springdoc.api.AbstractOpenApiResource  : Init duration for springdoc-openapi is: 1650 ms
2026-01-18T19:38:59.947+05:30  INFO 692 --- [assignment] [File Watcher] rtingClassPathChangeChangedEventListener : Restarting due to 1 class path change (0 additions, 1 deletion, 0 modifications)
2026-01-18T19:38:59.952+05:30  INFO 692 --- [assignment] [Thread-1] o.s.boot.tomcat.GracefulShutdown         : Commencing graceful shutdown. Waiting for active requests to complete
2026-01-18T19:38:59.957+05:30  INFO 692 --- [assignment] [tomcat-shutdown] o.s.boot.tomcat.GracefulShutdown         : Graceful shutdown complete
2026-01-18T19:38:59.962+05:30  INFO 692 --- [assignment] [Thread-1] j.LocalContainerEntityManagerFactoryBean : Closing JPA EntityManagerFactory for persistence unit 'default'
2026-01-18T19:38:59.967+05:30  INFO 692 --- [assignment] [Thread-1] com.zaxxer.hikari.HikariDataSource       : HikariPool-1 - Shutdown initiated...
2026-01-18T19:38:59.977+05:30  INFO 692 --- [assignment] [Thread-1] com.zaxxer.hikari.HikariDataSource       : HikariPool-1 - Shutdown completed.
2026-01-18T19:39:00.096+05:30  INFO 692 --- [assignment] [restartedMain] c.y.assignment.AssignmentApplication     : Starting AssignmentApplication using Java 25.0.1 with PID 692 (C:\Users\Mani.D\Desktop\Spring-boot\assignment\target\classes started by Mani.D in C:\Users\Mani.D\Desktop\Spring-boot\assignment)
2026-01-18T19:39:00.097+05:30 DEBUG 692 --- [assignment] [restartedMain] c.y.assignment.AssignmentApplication     : Running with Spring Boot v4.0.1, Spring v7.0.2
2026-01-18T19:39:00.097+05:30  INFO 692 --- [assignment] [restartedMain] c.y.assignment.AssignmentApplication     : No active profile set, falling back to 1 default profile: "default"
2026-01-18T19:39:00.377+05:30  INFO 692 --- [assignment] [restartedMain] .s.d.r.c.RepositoryConfigurationDelegate : Bootstrapping Spring Data JPA repositories in DEFAULT mode.
2026-01-18T19:39:00.400+05:30  INFO 692 --- [assignment] [restartedMain] .s.d.r.c.RepositoryConfigurationDelegate : Finished Spring Data repository scanning in 20 ms. Found 3 JPA repository interfaces.
2026-01-18T19:39:00.547+05:30  INFO 692 --- [assignment] [restartedMain] o.s.boot.tomcat.TomcatWebServer          : Tomcat initialized with port 8080 (http)
2026-01-18T19:39:00.549+05:30  INFO 692 --- [assignment] [restartedMain] o.apache.catalina.core.StandardService   : Starting service [Tomcat]
2026-01-18T19:39:00.550+05:30  INFO 692 --- [assignment] [restartedMain] o.apache.catalina.core.StandardEngine    : Starting Servlet engine: [Apache Tomcat/11.0.15]
2026-01-18T19:39:00.578+05:30  INFO 692 --- [assignment] [restartedMain] b.w.c.s.WebApplicationContextInitializer : Root WebApplicationContext: initialization completed in 477 ms
2026-01-18T19:39:00.638+05:30  INFO 692 --- [assignment] [restartedMain] org.hibernate.orm.jpa                    : HHH008540: Processing PersistenceUnitInfo [name: default]
2026-01-18T19:39:00.680+05:30  INFO 692 --- [assignment] [restartedMain] o.s.o.j.p.SpringPersistenceUnitInfo      : No LoadTimeWeaver setup: ignoring JPA class transformer
2026-01-18T19:39:00.682+05:30  INFO 692 --- [assignment] [restartedMain] com.zaxxer.hikari.HikariDataSource       : HikariPool-2 - Starting...
2026-01-18T19:39:00.709+05:30  INFO 692 --- [assignment] [restartedMain] com.zaxxer.hikari.pool.HikariPool        : HikariPool-2 - Added connection com.mysql.cj.jdbc.ConnectionImpl@402511a0
2026-01-18T19:39:00.711+05:30  INFO 692 --- [assignment] [restartedMain] com.zaxxer.hikari.HikariDataSource       : HikariPool-2 - Start completed.
2026-01-18T19:39:00.713+05:30  INFO 692 --- [assignment] [restartedMain] org.hibernate.orm.connections.pooling    : HHH10001005: Database info:
	Database JDBC URL [jdbc:mysql://localhost:3306/assignment]
	Database driver: MySQL Connector/J
	Database dialect: MySQLDialect
	Database version: 8.0.44
	Default catalog/schema: assignment/undefined
	Autocommit mode: undefined/unknown
	Isolation level: REPEATABLE_READ [default REPEATABLE_READ]
	JDBC fetch size: none
	Pool: DataSourceConnectionProvider
	Minimum pool size: undefined/unknown
	Maximum pool size: undefined/unknown
2026-01-18T19:39:00.791+05:30  INFO 692 --- [assignment] [restartedMain] org.hibernate.orm.core                   : HHH000489: No JTA platform available (set 'hibernate.transaction.jta.platform' to enable JTA platform integration)
2026-01-18T19:39:00.833+05:30  INFO 692 --- [assignment] [restartedMain] j.LocalContainerEntityManagerFactoryBean : Initialized JPA EntityManagerFactory for persistence unit 'default'
2026-01-18T19:39:00.998+05:30  WARN 692 --- [assignment] [restartedMain] JpaBaseConfiguration$JpaWebConfiguration : spring.jpa.open-in-view is enabled by default. Therefore, database queries may be performed during view rendering. Explicitly configure spring.jpa.open-in-view to disable this warning
2026-01-18T19:39:01.013+05:30  INFO 692 --- [assignment] [restartedMain] o.s.v.b.OptionalValidatorFactoryBean     : Failed to set up a Bean Validation provider: jakarta.validation.NoProviderFoundException: Unable to create a Configuration, because no Jakarta Validation provider could be found. Add a provider like Hibernate Validator (RI) to your classpath.
2026-01-18T19:39:01.170+05:30  INFO 692 --- [assignment] [restartedMain] o.s.boot.tomcat.TomcatWebServer          : Tomcat started on port 8080 (http) with context path '/'
2026-01-18T19:39:01.176+05:30  INFO 692 --- [assignment] [restartedMain] c.y.assignment.AssignmentApplication     : Started AssignmentApplication in 1.117 seconds (process running for 210.296)
2026-01-18T19:39:01.177+05:30  INFO 692 --- [assignment] [restartedMain] .ConditionEvaluationDeltaLoggingListener : Condition evaluation unchanged
2026-01-18T19:39:02.568+05:30  INFO 692 --- [assignment] [File Watcher] rtingClassPathChangeChangedEventListener : Restarting due to 1 class path change (1 addition, 0 deletions, 0 modifications)
2026-01-18T19:39:02.570+05:30  INFO 692 --- [assignment] [Thread-5] o.s.boot.tomcat.GracefulShutdown         : Commencing graceful shutdown. Waiting for active requests to complete
2026-01-18T19:39:02.575+05:30  INFO 692 --- [assignment] [tomcat-shutdown] o.s.boot.tomcat.GracefulShutdown         : Graceful shutdown complete
2026-01-18T19:39:02.577+05:30  INFO 692 --- [assignment] [Thread-5] j.LocalContainerEntityManagerFactoryBean : Closing JPA EntityManagerFactory for persistence unit 'default'
2026-01-18T19:39:02.579+05:30  INFO 692 --- [assignment] [Thread-5] com.zaxxer.hikari.HikariDataSource       : HikariPool-2 - Shutdown initiated...
2026-01-18T19:39:02.584+05:30  INFO 692 --- [assignment] [Thread-5] com.zaxxer.hikari.HikariDataSource       : HikariPool-2 - Shutdown completed.
2026-01-18T19:39:02.698+05:30  INFO 692 --- [assignment] [restartedMain] c.y.assignment.AssignmentApplication     : Starting AssignmentApplication using Java 25.0.1 with PID 692 (C:\Users\Mani.D\Desktop\Spring-boot\assignment\target\classes started by Mani.D in C:\Users\Mani.D\Desktop\Spring-boot\assignment)
2026-01-18T19:39:02.699+05:30 DEBUG 692 --- [assignment] [restartedMain] c.y.assignment.AssignmentApplication     : Running with Spring Boot v4.0.1, Spring v7.0.2
2026-01-18T19:39:02.699+05:30  INFO 692 --- [assignment] [restartedMain] c.y.assignment.AssignmentApplication     : No active profile set, falling back to 1 default profile: "default"
2026-01-18T19:39:02.923+05:30  INFO 692 --- [assignment] [restartedMain] .s.d.r.c.RepositoryConfigurationDelegate : Bootstrapping Spring Data JPA repositories in DEFAULT mode.
2026-01-18T19:39:02.948+05:30  INFO 692 --- [assignment] [restartedMain] .s.d.r.c.RepositoryConfigurationDelegate : Finished Spring Data repository scanning in 23 ms. Found 3 JPA repository interfaces.
2026-01-18T19:39:03.068+05:30  INFO 692 --- [assignment] [restartedMain] o.s.boot.tomcat.TomcatWebServer          : Tomcat initialized with port 8080 (http)
2026-01-18T19:39:03.068+05:30  INFO 692 --- [assignment] [restartedMain] o.apache.catalina.core.StandardService   : Starting service [Tomcat]
2026-01-18T19:39:03.068+05:30  INFO 692 --- [assignment] [restartedMain] o.apache.catalina.core.StandardEngine    : Starting Servlet engine: [Apache Tomcat/11.0.15]
2026-01-18T19:39:03.086+05:30  INFO 692 --- [assignment] [restartedMain] b.w.c.s.WebApplicationContextInitializer : Root WebApplicationContext: initialization completed in 385 ms
2026-01-18T19:39:03.131+05:30  INFO 692 --- [assignment] [restartedMain] org.hibernate.orm.jpa                    : HHH008540: Processing PersistenceUnitInfo [name: default]
2026-01-18T19:39:03.176+05:30  INFO 692 --- [assignment] [restartedMain] o.s.o.j.p.SpringPersistenceUnitInfo      : No LoadTimeWeaver setup: ignoring JPA class transformer
2026-01-18T19:39:03.177+05:30  INFO 692 --- [assignment] [restartedMain] com.zaxxer.hikari.HikariDataSource       : HikariPool-3 - Starting...
2026-01-18T19:39:03.209+05:30  INFO 692 --- [assignment] [restartedMain] com.zaxxer.hikari.pool.HikariPool        : HikariPool-3 - Added connection com.mysql.cj.jdbc.ConnectionImpl@4a1df069
2026-01-18T19:39:03.210+05:30  INFO 692 --- [assignment] [restartedMain] com.zaxxer.hikari.HikariDataSource       : HikariPool-3 - Start completed.
2026-01-18T19:39:03.212+05:30  INFO 692 --- [assignment] [restartedMain] org.hibernate.orm.connections.pooling    : HHH10001005: Database info:
	Database JDBC URL [jdbc:mysql://localhost:3306/assignment]
	Database driver: MySQL Connector/J
	Database dialect: MySQLDialect
	Database version: 8.0.44
	Default catalog/schema: assignment/undefined
	Autocommit mode: undefined/unknown
	Isolation level: REPEATABLE_READ [default REPEATABLE_READ]
	JDBC fetch size: none
	Pool: DataSourceConnectionProvider
	Minimum pool size: undefined/unknown
	Maximum pool size: undefined/unknown
2026-01-18T19:39:03.280+05:30  INFO 692 --- [assignment] [restartedMain] org.hibernate.orm.core                   : HHH000489: No JTA platform available (set 'hibernate.transaction.jta.platform' to enable JTA platform integration)
2026-01-18T19:39:03.317+05:30  INFO 692 --- [assignment] [restartedMain] j.LocalContainerEntityManagerFactoryBean : Initialized JPA EntityManagerFactory for persistence unit 'default'
2026-01-18T19:39:03.456+05:30  WARN 692 --- [assignment] [restartedMain] JpaBaseConfiguration$JpaWebConfiguration : spring.jpa.open-in-view is enabled by default. Therefore, database queries may be performed during view rendering. Explicitly configure spring.jpa.open-in-view to disable this warning
2026-01-18T19:39:03.469+05:30  INFO 692 --- [assignment] [restartedMain] o.s.v.b.OptionalValidatorFactoryBean     : Failed to set up a Bean Validation provider: jakarta.validation.NoProviderFoundException: Unable to create a Configuration, because no Jakarta Validation provider could be found. Add a provider like Hibernate Validator (RI) to your classpath.
2026-01-18T19:39:03.567+05:30  INFO 692 --- [assignment] [restartedMain] o.s.boot.tomcat.TomcatWebServer          : Tomcat started on port 8080 (http) with context path '/'
2026-01-18T19:39:03.569+05:30  INFO 692 --- [assignment] [restartedMain] c.y.assignment.AssignmentApplication     : Started AssignmentApplication in 0.903 seconds (process running for 212.69)
2026-01-18T19:39:03.570+05:30  INFO 692 --- [assignment] [restartedMain] .ConditionEvaluationDeltaLoggingListener : Condition evaluation unchanged
2026-01-18T19:39:04.748+05:30  INFO 692 --- [assignment] [SpringApplicationShutdownHook] o.s.boot.tomcat.GracefulShutdown         : Commencing graceful shutdown. Waiting for active requests to complete
2026-01-18T19:39:04.755+05:30  INFO 692 --- [assignment] [tomcat-shutdown] o.s.boot.tomcat.GracefulShutdown         : Graceful shutdown complete
2026-01-18T19:39:04.757+05:30  INFO 692 --- [assignment] [SpringApplicationShutdownHook] j.LocalContainerEntityManagerFactoryBean : Closing JPA EntityManagerFactory for persistence unit 'default'
2026-01-18T19:39:04.758+05:30  INFO 692 --- [assignment] [SpringApplicationShutdownHook] com.zaxxer.hikari.HikariDataSource       : HikariPool-3 - Shutdown initiated...
2026-01-18T19:39:04.766+05:30  INFO 692 --- [assignment] [SpringApplicationShutdownHook] com.zaxxer.hikari.HikariDataSource       : HikariPool-3 - Shutdown completed.
2026-01-18T19:39:16.924+05:30  INFO 16904 --- [assignment] [restartedMain] c.y.assignment.AssignmentApplication     : Starting AssignmentApplication using Java 25.0.1 with PID 16904 (C:\Users\Mani.D\Desktop\Spring-boot\assignment\target\classes started by Mani.D in C:\Users\Mani.D\Desktop\Spring-boot\assignment)
2026-01-18T19:39:16.927+05:30 DEBUG 16904 --- [assignment] [restartedMain] c.y.assignment.AssignmentApplication     : Running with Spring Boot v4.0.1, Spring v7.0.2
2026-01-18T19:39:16.927+05:30  INFO 16904 --- [assignment] [restartedMain] c.y.assignment.AssignmentApplication     : No active profile set, falling back to 1 default profile: "default"
2026-01-18T19:39:16.997+05:30  INFO 16904 --- [assignment] [restartedMain] .e.DevToolsPropertyDefaultsPostProcessor : Devtools property defaults active! Set 'spring.devtools.add-properties' to 'false' to disable
2026-01-18T19:39:16.997+05:30  INFO 16904 --- [assignment] [restartedMain] .e.DevToolsPropertyDefaultsPostProcessor : For additional web related logging consider setting the 'logging.level.web' property to 'DEBUG'
2026-01-18T19:39:18.132+05:30  INFO 16904 --- [assignment] [restartedMain] .s.d.r.c.RepositoryConfigurationDelegate : Bootstrapping Spring Data JPA repositories in DEFAULT mode.
2026-01-18T19:39:18.221+05:30  INFO 16904 --- [assignment] [restartedMain] .s.d.r.c.RepositoryConfigurationDelegate : Finished Spring Data repository scanning in 67 ms. Found 3 JPA repository interfaces.
2026-01-18T19:39:29.865+05:30  INFO 16904 --- [assignment] [restartedMain] o.s.boot.tomcat.TomcatWebServer          : Tomcat initialized with port 8080 (http)
2026-01-18T19:39:29.886+05:30  INFO 16904 --- [assignment] [restartedMain] o.apache.catalina.core.StandardService   : Starting service [Tomcat]
2026-01-18T19:39:29.887+05:30  INFO 16904 --- [assignment] [restartedMain] o.apache.catalina.core.StandardEngine    : Starting Servlet engine: [Apache Tomcat/11.0.15]
2026-01-18T19:39:29.949+05:30  INFO 16904 --- [assignment] [restartedMain] b.w.c.s.WebApplicationContextInitializer : Root WebApplicationContext: initialization completed in 12951 ms
2026-01-18T19:39:30.168+05:30  INFO 16904 --- [assignment] [restartedMain] org.hibernate.orm.jpa                    : HHH008540: Processing PersistenceUnitInfo [name: default]
2026-01-18T19:39:30.242+05:30  INFO 16904 --- [assignment] [restartedMain] org.hibernate.orm.core                   : HHH000001: Hibernate ORM core version 7.2.0.Final
2026-01-18T19:39:30.861+05:30  INFO 16904 --- [assignment] [restartedMain] o.s.o.j.p.SpringPersistenceUnitInfo      : No LoadTimeWeaver setup: ignoring JPA class transformer
2026-01-18T19:39:30.901+05:30  INFO 16904 --- [assignment] [restartedMain] com.zaxxer.hikari.HikariDataSource       : HikariPool-1 - Starting...
2026-01-18T19:39:31.427+05:30  INFO 16904 --- [assignment] [restartedMain] com.zaxxer.hikari.pool.HikariPool        : HikariPool-1 - Added connection com.mysql.cj.jdbc.ConnectionImpl@4fc30adc
2026-01-18T19:39:31.429+05:30  INFO 16904 --- [assignment] [restartedMain] com.zaxxer.hikari.HikariDataSource       : HikariPool-1 - Start completed.
2026-01-18T19:39:31.557+05:30  INFO 16904 --- [assignment] [restartedMain] org.hibernate.orm.connections.pooling    : HHH10001005: Database info:
	Database JDBC URL [jdbc:mysql://localhost:3306/assignment]
	Database driver: MySQL Connector/J
	Database dialect: MySQLDialect
	Database version: 8.0.44
	Default catalog/schema: assignment/undefined
	Autocommit mode: undefined/unknown
	Isolation level: REPEATABLE_READ [default REPEATABLE_READ]
	JDBC fetch size: none
	Pool: DataSourceConnectionProvider
	Minimum pool size: undefined/unknown
	Maximum pool size: undefined/unknown
2026-01-18T19:39:32.926+05:30  INFO 16904 --- [assignment] [restartedMain] org.hibernate.orm.core                   : HHH000489: No JTA platform available (set 'hibernate.transaction.jta.platform' to enable JTA platform integration)
2026-01-18T19:39:33.042+05:30  INFO 16904 --- [assignment] [restartedMain] j.LocalContainerEntityManagerFactoryBean : Initialized JPA EntityManagerFactory for persistence unit 'default'
2026-01-18T19:39:33.184+05:30  INFO 16904 --- [assignment] [restartedMain] o.s.d.j.r.query.QueryEnhancerFactories   : Hibernate is in classpath; If applicable, HQL parser will be used.
2026-01-18T19:39:34.723+05:30  WARN 16904 --- [assignment] [restartedMain] JpaBaseConfiguration$JpaWebConfiguration : spring.jpa.open-in-view is enabled by default. Therefore, database queries may be performed during view rendering. Explicitly configure spring.jpa.open-in-view to disable this warning
2026-01-18T19:39:34.775+05:30  INFO 16904 --- [assignment] [restartedMain] o.s.v.b.OptionalValidatorFactoryBean     : Failed to set up a Bean Validation provider: jakarta.validation.NoProviderFoundException: Unable to create a Configuration, because no Jakarta Validation provider could be found. Add a provider like Hibernate Validator (RI) to your classpath.
2026-01-18T19:39:35.236+05:30  INFO 16904 --- [assignment] [restartedMain] o.s.boot.tomcat.TomcatWebServer          : Tomcat started on port 8080 (http) with context path '/'
2026-01-18T19:39:35.244+05:30  INFO 16904 --- [assignment] [restartedMain] c.y.assignment.AssignmentApplication     : Started AssignmentApplication in 18.791 seconds (process running for 19.417)
2026-01-18T20:17:46.665+05:30  WARN 16904 --- [assignment] [HikariPool-1:housekeeper] com.zaxxer.hikari.pool.HikariPool        : HikariPool-1 - Thread starvation or clock leap detected (housekeeper delta=35m45s129ms183µs600ns).
2026-01-18T20:23:49.521+05:30  INFO 16904 --- [assignment] [http-nio-8080-exec-1] o.a.c.c.C.[Tomcat].[localhost].[/]       : Initializing Spring DispatcherServlet 'dispatcherServlet'
2026-01-18T20:23:49.521+05:30  INFO 16904 --- [assignment] [http-nio-8080-exec-1] o.s.web.servlet.DispatcherServlet        : Initializing Servlet 'dispatcherServlet'
2026-01-18T20:23:49.537+05:30  INFO 16904 --- [assignment] [http-nio-8080-exec-1] o.s.web.servlet.DispatcherServlet        : Completed initialization in 16 ms
2026-01-18T20:59:38.022+05:30  INFO 16904 --- [assignment] [File Watcher] rtingClassPathChangeChangedEventListener : Restarting due to 1 class path change (0 additions, 1 deletion, 0 modifications)
2026-01-18T20:59:38.037+05:30  INFO 16904 --- [assignment] [Thread-1] o.s.boot.tomcat.GracefulShutdown         : Commencing graceful shutdown. Waiting for active requests to complete
2026-01-18T20:59:38.047+05:30  INFO 16904 --- [assignment] [tomcat-shutdown] o.s.boot.tomcat.GracefulShutdown         : Graceful shutdown complete
2026-01-18T20:59:38.126+05:30  INFO 16904 --- [assignment] [Thread-1] j.LocalContainerEntityManagerFactoryBean : Closing JPA EntityManagerFactory for persistence unit 'default'
2026-01-18T20:59:38.137+05:30  INFO 16904 --- [assignment] [Thread-1] com.zaxxer.hikari.HikariDataSource       : HikariPool-1 - Shutdown initiated...
2026-01-18T20:59:38.139+05:30  INFO 16904 --- [assignment] [Thread-1] com.zaxxer.hikari.HikariDataSource       : HikariPool-1 - Shutdown completed.
2026-01-18T20:59:38.403+05:30  INFO 16904 --- [assignment] [restartedMain] c.y.assignment.AssignmentApplication     : Starting AssignmentApplication using Java 25.0.1 with PID 16904 (C:\Users\Mani.D\Desktop\Spring-boot\assignment\target\classes started by Mani.D in C:\Users\Mani.D\Desktop\Spring-boot\assignment)
2026-01-18T20:59:38.404+05:30 DEBUG 16904 --- [assignment] [restartedMain] c.y.assignment.AssignmentApplication     : Running with Spring Boot v4.0.1, Spring v7.0.2
2026-01-18T20:59:38.404+05:30  INFO 16904 --- [assignment] [restartedMain] c.y.assignment.AssignmentApplication     : No active profile set, falling back to 1 default profile: "default"
2026-01-18T20:59:39.139+05:30  INFO 16904 --- [assignment] [restartedMain] .s.d.r.c.RepositoryConfigurationDelegate : Bootstrapping Spring Data JPA repositories in DEFAULT mode.
2026-01-18T20:59:39.187+05:30  INFO 16904 --- [assignment] [restartedMain] .s.d.r.c.RepositoryConfigurationDelegate : Finished Spring Data repository scanning in 43 ms. Found 3 JPA repository interfaces.
2026-01-18T20:59:39.545+05:30  INFO 16904 --- [assignment] [restartedMain] o.s.boot.tomcat.TomcatWebServer          : Tomcat initialized with port 8080 (http)
2026-01-18T20:59:39.553+05:30  INFO 16904 --- [assignment] [restartedMain] o.apache.catalina.core.StandardService   : Starting service [Tomcat]
2026-01-18T20:59:39.553+05:30  INFO 16904 --- [assignment] [restartedMain] o.apache.catalina.core.StandardEngine    : Starting Servlet engine: [Apache Tomcat/11.0.15]
2026-01-18T20:59:39.634+05:30  INFO 16904 --- [assignment] [restartedMain] b.w.c.s.WebApplicationContextInitializer : Root WebApplicationContext: initialization completed in 1222 ms
2026-01-18T20:59:39.775+05:30  INFO 16904 --- [assignment] [restartedMain] org.hibernate.orm.jpa                    : HHH008540: Processing PersistenceUnitInfo [name: default]
2026-01-18T20:59:39.886+05:30  INFO 16904 --- [assignment] [restartedMain] o.s.o.j.p.SpringPersistenceUnitInfo      : No LoadTimeWeaver setup: ignoring JPA class transformer
2026-01-18T20:59:39.893+05:30  INFO 16904 --- [assignment] [restartedMain] com.zaxxer.hikari.HikariDataSource       : HikariPool-2 - Starting...
2026-01-18T20:59:39.939+05:30  INFO 16904 --- [assignment] [restartedMain] com.zaxxer.hikari.pool.HikariPool        : HikariPool-2 - Added connection com.mysql.cj.jdbc.ConnectionImpl@311e15bb
2026-01-18T20:59:39.941+05:30  INFO 16904 --- [assignment] [restartedMain] com.zaxxer.hikari.HikariDataSource       : HikariPool-2 - Start completed.
2026-01-18T20:59:39.945+05:30  INFO 16904 --- [assignment] [restartedMain] org.hibernate.orm.connections.pooling    : HHH10001005: Database info:
	Database JDBC URL [jdbc:mysql://localhost:3306/assignment]
	Database driver: MySQL Connector/J
	Database dialect: MySQLDialect
	Database version: 8.0.44
	Default catalog/schema: assignment/undefined
	Autocommit mode: undefined/unknown
	Isolation level: REPEATABLE_READ [default REPEATABLE_READ]
	JDBC fetch size: none
	Pool: DataSourceConnectionProvider
	Minimum pool size: undefined/unknown
	Maximum pool size: undefined/unknown
2026-01-18T20:59:40.155+05:30  INFO 16904 --- [assignment] [restartedMain] org.hibernate.orm.core                   : HHH000489: No JTA platform available (set 'hibernate.transaction.jta.platform' to enable JTA platform integration)
2026-01-18T20:59:40.231+05:30  INFO 16904 --- [assignment] [restartedMain] j.LocalContainerEntityManagerFactoryBean : Initialized JPA EntityManagerFactory for persistence unit 'default'
2026-01-18T20:59:40.707+05:30  WARN 16904 --- [assignment] [restartedMain] JpaBaseConfiguration$JpaWebConfiguration : spring.jpa.open-in-view is enabled by default. Therefore, database queries may be performed during view rendering. Explicitly configure spring.jpa.open-in-view to disable this warning
2026-01-18T20:59:40.757+05:30  INFO 16904 --- [assignment] [restartedMain] o.s.v.b.OptionalValidatorFactoryBean     : Failed to set up a Bean Validation provider: jakarta.validation.NoProviderFoundException: Unable to create a Configuration, because no Jakarta Validation provider could be found. Add a provider like Hibernate Validator (RI) to your classpath.
2026-01-18T20:59:41.214+05:30  INFO 16904 --- [assignment] [restartedMain] o.s.boot.tomcat.TomcatWebServer          : Tomcat started on port 8080 (http) with context path '/'
2026-01-18T20:59:41.225+05:30  INFO 16904 --- [assignment] [restartedMain] c.y.assignment.AssignmentApplication     : Started AssignmentApplication in 2.915 seconds (process running for 4825.398)
2026-01-18T20:59:41.232+05:30  INFO 16904 --- [assignment] [restartedMain] .ConditionEvaluationDeltaLoggingListener : Condition evaluation unchanged
2026-01-18T20:59:42.617+05:30  INFO 16904 --- [assignment] [File Watcher] rtingClassPathChangeChangedEventListener : Restarting due to 1 class path change (1 addition, 0 deletions, 0 modifications)
2026-01-18T20:59:42.617+05:30  INFO 16904 --- [assignment] [Thread-5] o.s.boot.tomcat.GracefulShutdown         : Commencing graceful shutdown. Waiting for active requests to complete
2026-01-18T20:59:42.622+05:30  INFO 16904 --- [assignment] [tomcat-shutdown] o.s.boot.tomcat.GracefulShutdown         : Graceful shutdown complete
2026-01-18T20:59:42.635+05:30  INFO 16904 --- [assignment] [Thread-5] j.LocalContainerEntityManagerFactoryBean : Closing JPA EntityManagerFactory for persistence unit 'default'
2026-01-18T20:59:42.639+05:30  INFO 16904 --- [assignment] [Thread-5] com.zaxxer.hikari.HikariDataSource       : HikariPool-2 - Shutdown initiated...
2026-01-18T20:59:42.647+05:30  INFO 16904 --- [assignment] [Thread-5] com.zaxxer.hikari.HikariDataSource       : HikariPool-2 - Shutdown completed.
2026-01-18T20:59:42.827+05:30  INFO 16904 --- [assignment] [restartedMain] c.y.assignment.AssignmentApplication     : Starting AssignmentApplication using Java 25.0.1 with PID 16904 (C:\Users\Mani.D\Desktop\Spring-boot\assignment\target\classes started by Mani.D in C:\Users\Mani.D\Desktop\Spring-boot\assignment)
2026-01-18T20:59:42.827+05:30 DEBUG 16904 --- [assignment] [restartedMain] c.y.assignment.AssignmentApplication     : Running with Spring Boot v4.0.1, Spring v7.0.2
2026-01-18T20:59:42.827+05:30  INFO 16904 --- [assignment] [restartedMain] c.y.assignment.AssignmentApplication     : No active profile set, falling back to 1 default profile: "default"
2026-01-18T20:59:43.351+05:30  INFO 16904 --- [assignment] [restartedMain] .s.d.r.c.RepositoryConfigurationDelegate : Bootstrapping Spring Data JPA repositories in DEFAULT mode.
2026-01-18T20:59:43.398+05:30  INFO 16904 --- [assignment] [restartedMain] .s.d.r.c.RepositoryConfigurationDelegate : Finished Spring Data repository scanning in 40 ms. Found 3 JPA repository interfaces.
2026-01-18T20:59:43.625+05:30  INFO 16904 --- [assignment] [restartedMain] o.s.boot.tomcat.TomcatWebServer          : Tomcat initialized with port 8080 (http)
2026-01-18T20:59:43.625+05:30  INFO 16904 --- [assignment] [restartedMain] o.apache.catalina.core.StandardService   : Starting service [Tomcat]
2026-01-18T20:59:43.625+05:30  INFO 16904 --- [assignment] [restartedMain] o.apache.catalina.core.StandardEngine    : Starting Servlet engine: [Apache Tomcat/11.0.15]
2026-01-18T20:59:43.669+05:30  INFO 16904 --- [assignment] [restartedMain] b.w.c.s.WebApplicationContextInitializer : Root WebApplicationContext: initialization completed in 838 ms
2026-01-18T20:59:43.736+05:30  INFO 16904 --- [assignment] [restartedMain] org.hibernate.orm.jpa                    : HHH008540: Processing PersistenceUnitInfo [name: default]
2026-01-18T20:59:43.789+05:30  INFO 16904 --- [assignment] [restartedMain] o.s.o.j.p.SpringPersistenceUnitInfo      : No LoadTimeWeaver setup: ignoring JPA class transformer
2026-01-18T20:59:43.791+05:30  INFO 16904 --- [assignment] [restartedMain] com.zaxxer.hikari.HikariDataSource       : HikariPool-3 - Starting...
2026-01-18T20:59:43.819+05:30  INFO 16904 --- [assignment] [restartedMain] com.zaxxer.hikari.pool.HikariPool        : HikariPool-3 - Added connection com.mysql.cj.jdbc.ConnectionImpl@7e4ba6e2
2026-01-18T20:59:43.819+05:30  INFO 16904 --- [assignment] [restartedMain] com.zaxxer.hikari.HikariDataSource       : HikariPool-3 - Start completed.
2026-01-18T20:59:43.819+05:30  INFO 16904 --- [assignment] [restartedMain] org.hibernate.orm.connections.pooling    : HHH10001005: Database info:
	Database JDBC URL [jdbc:mysql://localhost:3306/assignment]
	Database driver: MySQL Connector/J
	Database dialect: MySQLDialect
	Database version: 8.0.44
	Default catalog/schema: assignment/undefined
	Autocommit mode: undefined/unknown
	Isolation level: REPEATABLE_READ [default REPEATABLE_READ]
	JDBC fetch size: none
	Pool: DataSourceConnectionProvider
	Minimum pool size: undefined/unknown
	Maximum pool size: undefined/unknown
2026-01-18T20:59:43.970+05:30  INFO 16904 --- [assignment] [restartedMain] org.hibernate.orm.core                   : HHH000489: No JTA platform available (set 'hibernate.transaction.jta.platform' to enable JTA platform integration)
2026-01-18T20:59:44.011+05:30  INFO 16904 --- [assignment] [restartedMain] j.LocalContainerEntityManagerFactoryBean : Initialized JPA EntityManagerFactory for persistence unit 'default'
2026-01-18T20:59:44.296+05:30  WARN 16904 --- [assignment] [restartedMain] JpaBaseConfiguration$JpaWebConfiguration : spring.jpa.open-in-view is enabled by default. Therefore, database queries may be performed during view rendering. Explicitly configure spring.jpa.open-in-view to disable this warning
2026-01-18T20:59:44.325+05:30  INFO 16904 --- [assignment] [restartedMain] o.s.v.b.OptionalValidatorFactoryBean     : Failed to set up a Bean Validation provider: jakarta.validation.NoProviderFoundException: Unable to create a Configuration, because no Jakarta Validation provider could be found. Add a provider like Hibernate Validator (RI) to your classpath.
2026-01-18T20:59:44.553+05:30  INFO 16904 --- [assignment] [restartedMain] o.s.boot.tomcat.TomcatWebServer          : Tomcat started on port 8080 (http) with context path '/'
2026-01-18T20:59:44.558+05:30  INFO 16904 --- [assignment] [restartedMain] c.y.assignment.AssignmentApplication     : Started AssignmentApplication in 1.791 seconds (process running for 4828.733)
2026-01-18T20:59:44.563+05:30  INFO 16904 --- [assignment] [restartedMain] .ConditionEvaluationDeltaLoggingListener : Condition evaluation unchanged
2026-01-18T21:10:41.853+05:30  INFO 16904 --- [assignment] [File Watcher] rtingClassPathChangeChangedEventListener : Restarting due to 1 class path change (0 additions, 1 deletion, 0 modifications)
2026-01-18T21:10:41.856+05:30  INFO 16904 --- [assignment] [Thread-9] o.s.boot.tomcat.GracefulShutdown         : Commencing graceful shutdown. Waiting for active requests to complete
2026-01-18T21:10:41.864+05:30  INFO 16904 --- [assignment] [tomcat-shutdown] o.s.boot.tomcat.GracefulShutdown         : Graceful shutdown complete
2026-01-18T21:10:41.867+05:30  INFO 16904 --- [assignment] [Thread-9] j.LocalContainerEntityManagerFactoryBean : Closing JPA EntityManagerFactory for persistence unit 'default'
2026-01-18T21:10:41.868+05:30  INFO 16904 --- [assignment] [Thread-9] com.zaxxer.hikari.HikariDataSource       : HikariPool-3 - Shutdown initiated...
2026-01-18T21:10:41.876+05:30  INFO 16904 --- [assignment] [Thread-9] com.zaxxer.hikari.HikariDataSource       : HikariPool-3 - Shutdown completed.
2026-01-18T21:10:42.023+05:30  INFO 16904 --- [assignment] [restartedMain] c.y.assignment.AssignmentApplication     : Starting AssignmentApplication using Java 25.0.1 with PID 16904 (C:\Users\Mani.D\Desktop\Spring-boot\assignment\target\classes started by Mani.D in C:\Users\Mani.D\Desktop\Spring-boot\assignment)
2026-01-18T21:10:42.024+05:30 DEBUG 16904 --- [assignment] [restartedMain] c.y.assignment.AssignmentApplication     : Running with Spring Boot v4.0.1, Spring v7.0.2
2026-01-18T21:10:42.024+05:30  INFO 16904 --- [assignment] [restartedMain] c.y.assignment.AssignmentApplication     : No active profile set, falling back to 1 default profile: "default"
2026-01-18T21:10:43.069+05:30  INFO 16904 --- [assignment] [restartedMain] .s.d.r.c.RepositoryConfigurationDelegate : Bootstrapping Spring Data JPA repositories in DEFAULT mode.
2026-01-18T21:10:43.113+05:30  INFO 16904 --- [assignment] [restartedMain] .s.d.r.c.RepositoryConfigurationDelegate : Finished Spring Data repository scanning in 40 ms. Found 3 JPA repository interfaces.
2026-01-18T21:10:43.371+05:30  INFO 16904 --- [assignment] [restartedMain] o.s.boot.tomcat.TomcatWebServer          : Tomcat initialized with port 8080 (http)
2026-01-18T21:10:43.373+05:30  INFO 16904 --- [assignment] [restartedMain] o.apache.catalina.core.StandardService   : Starting service [Tomcat]
2026-01-18T21:10:43.374+05:30  INFO 16904 --- [assignment] [restartedMain] o.apache.catalina.core.StandardEngine    : Starting Servlet engine: [Apache Tomcat/11.0.15]
2026-01-18T21:10:43.436+05:30  INFO 16904 --- [assignment] [restartedMain] b.w.c.s.WebApplicationContextInitializer : Root WebApplicationContext: initialization completed in 1408 ms
2026-01-18T21:10:43.525+05:30  INFO 16904 --- [assignment] [restartedMain] org.hibernate.orm.jpa                    : HHH008540: Processing PersistenceUnitInfo [name: default]
2026-01-18T21:10:43.598+05:30  INFO 16904 --- [assignment] [restartedMain] o.s.o.j.p.SpringPersistenceUnitInfo      : No LoadTimeWeaver setup: ignoring JPA class transformer
2026-01-18T21:10:43.601+05:30  INFO 16904 --- [assignment] [restartedMain] com.zaxxer.hikari.HikariDataSource       : HikariPool-4 - Starting...
2026-01-18T21:10:43.650+05:30  INFO 16904 --- [assignment] [restartedMain] com.zaxxer.hikari.pool.HikariPool        : HikariPool-4 - Added connection com.mysql.cj.jdbc.ConnectionImpl@274faf10
2026-01-18T21:10:43.651+05:30  INFO 16904 --- [assignment] [restartedMain] com.zaxxer.hikari.HikariDataSource       : HikariPool-4 - Start completed.
2026-01-18T21:10:43.654+05:30  INFO 16904 --- [assignment] [restartedMain] org.hibernate.orm.connections.pooling    : HHH10001005: Database info:
	Database JDBC URL [jdbc:mysql://localhost:3306/assignment]
	Database driver: MySQL Connector/J
	Database dialect: MySQLDialect
	Database version: 8.0.44
	Default catalog/schema: assignment/undefined
	Autocommit mode: undefined/unknown
	Isolation level: REPEATABLE_READ [default REPEATABLE_READ]
	JDBC fetch size: none
	Pool: DataSourceConnectionProvider
	Minimum pool size: undefined/unknown
	Maximum pool size: undefined/unknown
2026-01-18T21:10:43.790+05:30  INFO 16904 --- [assignment] [restartedMain] org.hibernate.orm.core                   : HHH000489: No JTA platform available (set 'hibernate.transaction.jta.platform' to enable JTA platform integration)
2026-01-18T21:10:43.858+05:30  INFO 16904 --- [assignment] [restartedMain] j.LocalContainerEntityManagerFactoryBean : Initialized JPA EntityManagerFactory for persistence unit 'default'
2026-01-18T21:10:44.006+05:30  WARN 16904 --- [assignment] [restartedMain] ConfigServletWebServerApplicationContext : Exception encountered during context initialization - cancelling refresh attempt: org.springframework.beans.factory.BeanCreationException: Error creating bean with name 'enrollmentController': Resolution of declared constructors on bean Class [com.youngsoft.assignment.controller.EnrollmentController] from ClassLoader [org.springframework.boot.devtools.restart.classloader.RestartClassLoader@25e3134c] failed
2026-01-18T21:10:44.006+05:30  INFO 16904 --- [assignment] [restartedMain] j.LocalContainerEntityManagerFactoryBean : Closing JPA EntityManagerFactory for persistence unit 'default'
2026-01-18T21:10:44.007+05:30  INFO 16904 --- [assignment] [restartedMain] com.zaxxer.hikari.HikariDataSource       : HikariPool-4 - Shutdown initiated...
2026-01-18T21:10:44.050+05:30  INFO 16904 --- [assignment] [restartedMain] com.zaxxer.hikari.HikariDataSource       : HikariPool-4 - Shutdown completed.
2026-01-18T21:10:44.051+05:30  INFO 16904 --- [assignment] [restartedMain] o.apache.catalina.core.StandardService   : Stopping service [Tomcat]
2026-01-18T21:10:44.062+05:30  INFO 16904 --- [assignment] [restartedMain] .s.b.a.l.ConditionEvaluationReportLogger : 

Error starting ApplicationContext. To display the condition evaluation report re-run your application with 'debug' enabled.
2026-01-18T21:10:44.107+05:30 ERROR 16904 --- [assignment] [restartedMain] o.s.boot.SpringApplication               : Application run failed

org.springframework.beans.factory.BeanCreationException: Error creating bean with name 'enrollmentController': Resolution of declared constructors on bean Class [com.youngsoft.assignment.controller.EnrollmentController] from ClassLoader [org.springframework.boot.devtools.restart.classloader.RestartClassLoader@25e3134c] failed
	at org.springframework.beans.factory.annotation.AutowiredAnnotationBeanPostProcessor.determineCandidateConstructors(AutowiredAnnotationBeanPostProcessor.java:367) ~[spring-beans-7.0.2.jar:7.0.2]
	at org.springframework.beans.factory.support.AbstractAutowireCapableBeanFactory.determineConstructorsFromBeanPostProcessors(AbstractAutowireCapableBeanFactory.java:1321) ~[spring-beans-7.0.2.jar:7.0.2]
	at org.springframework.beans.factory.support.AbstractAutowireCapableBeanFactory.createBeanInstance(AbstractAutowireCapableBeanFactory.java:1218) ~[spring-beans-7.0.2.jar:7.0.2]
	at org.springframework.beans.factory.support.AbstractAutowireCapableBeanFactory.doCreateBean(AbstractAutowireCapableBeanFactory.java:565) ~[spring-beans-7.0.2.jar:7.0.2]
	at org.springframework.beans.factory.support.AbstractAutowireCapableBeanFactory.createBean(AbstractAutowireCapableBeanFactory.java:525) ~[spring-beans-7.0.2.jar:7.0.2]
	at org.springframework.beans.factory.support.AbstractBeanFactory.lambda$doGetBean$0(AbstractBeanFactory.java:333) ~[spring-beans-7.0.2.jar:7.0.2]
	at org.springframework.beans.factory.support.DefaultSingletonBeanRegistry.getSingleton(DefaultSingletonBeanRegistry.java:371) ~[spring-beans-7.0.2.jar:7.0.2]
	at org.springframework.beans.factory.support.AbstractBeanFactory.doGetBean(AbstractBeanFactory.java:331) ~[spring-beans-7.0.2.jar:7.0.2]
	at org.springframework.beans.factory.support.AbstractBeanFactory.getBean(AbstractBeanFactory.java:196) ~[spring-beans-7.0.2.jar:7.0.2]
	at org.springframework.beans.factory.support.DefaultListableBeanFactory.instantiateSingleton(DefaultListableBeanFactory.java:1218) ~[spring-beans-7.0.2.jar:7.0.2]
	at org.springframework.beans.factory.support.DefaultListableBeanFactory.preInstantiateSingleton(DefaultListableBeanFactory.java:1184) ~[spring-beans-7.0.2.jar:7.0.2]
	at org.springframework.beans.factory.support.DefaultListableBeanFactory.preInstantiateSingletons(DefaultListableBeanFactory.java:1121) ~[spring-beans-7.0.2.jar:7.0.2]
	at org.springframework.context.support.AbstractApplicationContext.finishBeanFactoryInitialization(AbstractApplicationContext.java:993) ~[spring-context-7.0.2.jar:7.0.2]
	at org.springframework.context.support.AbstractApplicationContext.refresh(AbstractApplicationContext.java:620) ~[spring-context-7.0.2.jar:7.0.2]
	at org.springframework.boot.web.server.servlet.context.ServletWebServerApplicationContext.refresh(ServletWebServerApplicationContext.java:143) ~[spring-boot-web-server-4.0.1.jar:4.0.1]
	at org.springframework.boot.SpringApplication.refresh(SpringApplication.java:756) ~[spring-boot-4.0.1.jar:4.0.1]
	at org.springframework.boot.SpringApplication.refreshContext(SpringApplication.java:445) ~[spring-boot-4.0.1.jar:4.0.1]
	at org.springframework.boot.SpringApplication.run(SpringApplication.java:321) ~[spring-boot-4.0.1.jar:4.0.1]
	at org.springframework.boot.SpringApplication.run(SpringApplication.java:1365) ~[spring-boot-4.0.1.jar:4.0.1]
	at org.springframework.boot.SpringApplication.run(SpringApplication.java:1354) ~[spring-boot-4.0.1.jar:4.0.1]
	at com.youngsoft.assignment.AssignmentApplication.main(AssignmentApplication.java:10) ~[classes/:na]
	at java.base/jdk.internal.reflect.DirectMethodHandleAccessor.invoke(DirectMethodHandleAccessor.java:104) ~[na:na]
	at java.base/java.lang.reflect.Method.invoke(Method.java:565) ~[na:na]
	at org.springframework.boot.devtools.restart.RestartLauncher.run(RestartLauncher.java:52) ~[spring-boot-devtools-4.0.1.jar:4.0.1]
Caused by: java.lang.NoClassDefFoundError: com/youngsoft/assignment/service/EnrollmentService
	at java.base/java.lang.Class.getDeclaredConstructors0(Native Method) ~[na:na]
	at java.base/java.lang.Class.privateGetDeclaredConstructors(Class.java:2985) ~[na:na]
	at java.base/java.lang.Class.getDeclaredConstructors(Class.java:2354) ~[na:na]
	at org.springframework.beans.factory.annotation.AutowiredAnnotationBeanPostProcessor.determineCandidateConstructors(AutowiredAnnotationBeanPostProcessor.java:362) ~[spring-beans-7.0.2.jar:7.0.2]
	... 23 common frames omitted
Caused by: java.lang.ClassNotFoundException: com.youngsoft.assignment.service.EnrollmentService
	at java.base/jdk.internal.loader.BuiltinClassLoader.loadClass(BuiltinClassLoader.java:580) ~[na:na]
	at java.base/java.lang.ClassLoader.loadClass(ClassLoader.java:490) ~[na:na]
	at java.base/java.lang.Class.forName0(Native Method) ~[na:na]
	at java.base/java.lang.Class.forName(Class.java:547) ~[na:na]
	at org.springframework.boot.devtools.restart.classloader.RestartClassLoader.loadClass(RestartClassLoader.java:123) ~[spring-boot-devtools-4.0.1.jar:4.0.1]
	at java.base/java.lang.ClassLoader.loadClass(ClassLoader.java:490) ~[na:na]
	... 27 common frames omitted

2026-01-18T22:12:51.766+05:30  INFO 16904 --- [assignment] [restartedMain] c.y.assignment.AssignmentApplication     : Starting AssignmentApplication using Java 25.0.1 with PID 16904 (C:\Users\Mani.D\Desktop\Spring-boot\assignment\target\classes started by Mani.D in C:\Users\Mani.D\Desktop\Spring-boot\assignment)
2026-01-18T22:12:51.767+05:30 DEBUG 16904 --- [assignment] [restartedMain] c.y.assignment.AssignmentApplication     : Running with Spring Boot v4.0.1, Spring v7.0.2
2026-01-18T22:12:51.767+05:30  INFO 16904 --- [assignment] [restartedMain] c.y.assignment.AssignmentApplication     : No active profile set, falling back to 1 default profile: "default"
2026-01-18T22:12:52.157+05:30  INFO 16904 --- [assignment] [restartedMain] .s.d.r.c.RepositoryConfigurationDelegate : Bootstrapping Spring Data JPA repositories in DEFAULT mode.
2026-01-18T22:12:52.194+05:30  INFO 16904 --- [assignment] [restartedMain] .s.d.r.c.RepositoryConfigurationDelegate : Finished Spring Data repository scanning in 35 ms. Found 3 JPA repository interfaces.
2026-01-18T22:12:52.392+05:30  INFO 16904 --- [assignment] [restartedMain] o.s.boot.tomcat.TomcatWebServer          : Tomcat initialized with port 8080 (http)
2026-01-18T22:12:52.398+05:30  INFO 16904 --- [assignment] [restartedMain] o.apache.catalina.core.StandardService   : Starting service [Tomcat]
2026-01-18T22:12:52.398+05:30  INFO 16904 --- [assignment] [restartedMain] o.apache.catalina.core.StandardEngine    : Starting Servlet engine: [Apache Tomcat/11.0.15]
2026-01-18T22:12:52.449+05:30  INFO 16904 --- [assignment] [restartedMain] b.w.c.s.WebApplicationContextInitializer : Root WebApplicationContext: initialization completed in 676 ms
2026-01-18T22:12:52.555+05:30  INFO 16904 --- [assignment] [restartedMain] org.hibernate.orm.jpa                    : HHH008540: Processing PersistenceUnitInfo [name: default]
2026-01-18T22:12:52.630+05:30  INFO 16904 --- [assignment] [restartedMain] o.s.o.j.p.SpringPersistenceUnitInfo      : No LoadTimeWeaver setup: ignoring JPA class transformer
2026-01-18T22:12:52.632+05:30  INFO 16904 --- [assignment] [restartedMain] com.zaxxer.hikari.HikariDataSource       : HikariPool-5 - Starting...
2026-01-18T22:12:52.685+05:30  INFO 16904 --- [assignment] [restartedMain] com.zaxxer.hikari.pool.HikariPool        : HikariPool-5 - Added connection com.mysql.cj.jdbc.ConnectionImpl@70c76826
2026-01-18T22:12:52.686+05:30  INFO 16904 --- [assignment] [restartedMain] com.zaxxer.hikari.HikariDataSource       : HikariPool-5 - Start completed.
2026-01-18T22:12:52.691+05:30  INFO 16904 --- [assignment] [restartedMain] org.hibernate.orm.connections.pooling    : HHH10001005: Database info:
	Database JDBC URL [jdbc:mysql://localhost:3306/assignment]
	Database driver: MySQL Connector/J
	Database dialect: MySQLDialect
	Database version: 8.0.44
	Default catalog/schema: assignment/undefined
	Autocommit mode: undefined/unknown
	Isolation level: REPEATABLE_READ [default REPEATABLE_READ]
	JDBC fetch size: none
	Pool: DataSourceConnectionProvider
	Minimum pool size: undefined/unknown
	Maximum pool size: undefined/unknown
2026-01-18T22:12:52.813+05:30  INFO 16904 --- [assignment] [restartedMain] org.hibernate.orm.core                   : HHH000489: No JTA platform available (set 'hibernate.transaction.jta.platform' to enable JTA platform integration)
2026-01-18T22:12:52.883+05:30  INFO 16904 --- [assignment] [restartedMain] j.LocalContainerEntityManagerFactoryBean : Initialized JPA EntityManagerFactory for persistence unit 'default'
2026-01-18T22:12:53.434+05:30  WARN 16904 --- [assignment] [restartedMain] JpaBaseConfiguration$JpaWebConfiguration : spring.jpa.open-in-view is enabled by default. Therefore, database queries may be performed during view rendering. Explicitly configure spring.jpa.open-in-view to disable this warning
2026-01-18T22:12:53.462+05:30  INFO 16904 --- [assignment] [restartedMain] o.s.v.b.OptionalValidatorFactoryBean     : Failed to set up a Bean Validation provider: jakarta.validation.NoProviderFoundException: Unable to create a Configuration, because no Jakarta Validation provider could be found. Add a provider like Hibernate Validator (RI) to your classpath.
2026-01-18T22:12:53.777+05:30  INFO 16904 --- [assignment] [restartedMain] o.s.boot.tomcat.TomcatWebServer          : Tomcat started on port 8080 (http) with context path '/'
2026-01-18T22:12:53.785+05:30  INFO 16904 --- [assignment] [restartedMain] c.y.assignment.AssignmentApplication     : Started AssignmentApplication in 2.075 seconds (process running for 9217.958)
2026-01-18T22:12:53.792+05:30  INFO 16904 --- [assignment] [restartedMain] .ConditionEvaluationDeltaLoggingListener : Condition evaluation unchanged
2026-01-18T22:13:34.458+05:30  INFO 16904 --- [assignment] [File Watcher] rtingClassPathChangeChangedEventListener : Restarting due to 1 class path change (0 additions, 1 deletion, 0 modifications)
2026-01-18T22:13:34.460+05:30  INFO 16904 --- [assignment] [Thread-13] o.s.boot.tomcat.GracefulShutdown         : Commencing graceful shutdown. Waiting for active requests to complete
2026-01-18T22:13:34.468+05:30  INFO 16904 --- [assignment] [tomcat-shutdown] o.s.boot.tomcat.GracefulShutdown         : Graceful shutdown complete
2026-01-18T22:13:34.471+05:30  INFO 16904 --- [assignment] [Thread-13] j.LocalContainerEntityManagerFactoryBean : Closing JPA EntityManagerFactory for persistence unit 'default'
2026-01-18T22:13:34.472+05:30  INFO 16904 --- [assignment] [Thread-13] com.zaxxer.hikari.HikariDataSource       : HikariPool-5 - Shutdown initiated...
2026-01-18T22:13:34.479+05:30  INFO 16904 --- [assignment] [Thread-13] com.zaxxer.hikari.HikariDataSource       : HikariPool-5 - Shutdown completed.
2026-01-18T22:13:34.611+05:30  INFO 16904 --- [assignment] [restartedMain] c.y.assignment.AssignmentApplication     : Starting AssignmentApplication using Java 25.0.1 with PID 16904 (C:\Users\Mani.D\Desktop\Spring-boot\assignment\target\classes started by Mani.D in C:\Users\Mani.D\Desktop\Spring-boot\assignment)
2026-01-18T22:13:34.612+05:30 DEBUG 16904 --- [assignment] [restartedMain] c.y.assignment.AssignmentApplication     : Running with Spring Boot v4.0.1, Spring v7.0.2
2026-01-18T22:13:34.612+05:30  INFO 16904 --- [assignment] [restartedMain] c.y.assignment.AssignmentApplication     : No active profile set, falling back to 1 default profile: "default"
2026-01-18T22:13:35.056+05:30  INFO 16904 --- [assignment] [restartedMain] .s.d.r.c.RepositoryConfigurationDelegate : Bootstrapping Spring Data JPA repositories in DEFAULT mode.
2026-01-18T22:13:35.093+05:30  INFO 16904 --- [assignment] [restartedMain] .s.d.r.c.RepositoryConfigurationDelegate : Finished Spring Data repository scanning in 33 ms. Found 3 JPA repository interfaces.
2026-01-18T22:13:35.249+05:30  INFO 16904 --- [assignment] [restartedMain] o.s.boot.tomcat.TomcatWebServer          : Tomcat initialized with port 8080 (http)
2026-01-18T22:13:35.254+05:30  INFO 16904 --- [assignment] [restartedMain] o.apache.catalina.core.StandardService   : Starting service [Tomcat]
2026-01-18T22:13:35.254+05:30  INFO 16904 --- [assignment] [restartedMain] o.apache.catalina.core.StandardEngine    : Starting Servlet engine: [Apache Tomcat/11.0.15]
2026-01-18T22:13:35.301+05:30  INFO 16904 --- [assignment] [restartedMain] b.w.c.s.WebApplicationContextInitializer : Root WebApplicationContext: initialization completed in 685 ms
2026-01-18T22:13:35.370+05:30  INFO 16904 --- [assignment] [restartedMain] org.hibernate.orm.jpa                    : HHH008540: Processing PersistenceUnitInfo [name: default]
2026-01-18T22:13:35.429+05:30  INFO 16904 --- [assignment] [restartedMain] o.s.o.j.p.SpringPersistenceUnitInfo      : No LoadTimeWeaver setup: ignoring JPA class transformer
2026-01-18T22:13:35.432+05:30  INFO 16904 --- [assignment] [restartedMain] com.zaxxer.hikari.HikariDataSource       : HikariPool-6 - Starting...
2026-01-18T22:13:35.471+05:30  INFO 16904 --- [assignment] [restartedMain] com.zaxxer.hikari.pool.HikariPool        : HikariPool-6 - Added connection com.mysql.cj.jdbc.ConnectionImpl@7540e462
2026-01-18T22:13:35.471+05:30  INFO 16904 --- [assignment] [restartedMain] com.zaxxer.hikari.HikariDataSource       : HikariPool-6 - Start completed.
2026-01-18T22:13:35.474+05:30  INFO 16904 --- [assignment] [restartedMain] org.hibernate.orm.connections.pooling    : HHH10001005: Database info:
	Database JDBC URL [jdbc:mysql://localhost:3306/assignment]
	Database driver: MySQL Connector/J
	Database dialect: MySQLDialect
	Database version: 8.0.44
	Default catalog/schema: assignment/undefined
	Autocommit mode: undefined/unknown
	Isolation level: REPEATABLE_READ [default REPEATABLE_READ]
	JDBC fetch size: none
	Pool: DataSourceConnectionProvider
	Minimum pool size: undefined/unknown
	Maximum pool size: undefined/unknown
2026-01-18T22:13:35.584+05:30  INFO 16904 --- [assignment] [restartedMain] org.hibernate.orm.core                   : HHH000489: No JTA platform available (set 'hibernate.transaction.jta.platform' to enable JTA platform integration)
2026-01-18T22:13:35.643+05:30  INFO 16904 --- [assignment] [restartedMain] j.LocalContainerEntityManagerFactoryBean : Initialized JPA EntityManagerFactory for persistence unit 'default'
2026-01-18T22:13:35.794+05:30  WARN 16904 --- [assignment] [restartedMain] JpaBaseConfiguration$JpaWebConfiguration : spring.jpa.open-in-view is enabled by default. Therefore, database queries may be performed during view rendering. Explicitly configure spring.jpa.open-in-view to disable this warning
2026-01-18T22:13:35.815+05:30  INFO 16904 --- [assignment] [restartedMain] o.s.v.b.OptionalValidatorFactoryBean     : Failed to set up a Bean Validation provider: jakarta.validation.NoProviderFoundException: Unable to create a Configuration, because no Jakarta Validation provider could be found. Add a provider like Hibernate Validator (RI) to your classpath.
2026-01-18T22:13:36.080+05:30  INFO 16904 --- [assignment] [restartedMain] o.s.boot.tomcat.TomcatWebServer          : Tomcat started on port 8080 (http) with context path '/'
2026-01-18T22:13:36.086+05:30  INFO 16904 --- [assignment] [restartedMain] c.y.assignment.AssignmentApplication     : Started AssignmentApplication in 1.52 seconds (process running for 9260.259)
2026-01-18T22:13:36.088+05:30  INFO 16904 --- [assignment] [restartedMain] .ConditionEvaluationDeltaLoggingListener : Condition evaluation unchanged
2026-01-18T22:13:37.476+05:30  INFO 16904 --- [assignment] [File Watcher] rtingClassPathChangeChangedEventListener : Restarting due to 2 class path changes (2 additions, 0 deletions, 0 modifications)
2026-01-18T22:13:37.478+05:30  INFO 16904 --- [assignment] [Thread-20] o.s.boot.tomcat.GracefulShutdown         : Commencing graceful shutdown. Waiting for active requests to complete
2026-01-18T22:13:37.488+05:30  INFO 16904 --- [assignment] [tomcat-shutdown] o.s.boot.tomcat.GracefulShutdown         : Graceful shutdown complete
2026-01-18T22:13:37.492+05:30  INFO 16904 --- [assignment] [Thread-20] j.LocalContainerEntityManagerFactoryBean : Closing JPA EntityManagerFactory for persistence unit 'default'
2026-01-18T22:13:37.493+05:30  INFO 16904 --- [assignment] [Thread-20] com.zaxxer.hikari.HikariDataSource       : HikariPool-6 - Shutdown initiated...
2026-01-18T22:13:37.499+05:30  INFO 16904 --- [assignment] [Thread-20] com.zaxxer.hikari.HikariDataSource       : HikariPool-6 - Shutdown completed.
2026-01-18T22:13:37.633+05:30  INFO 16904 --- [assignment] [restartedMain] c.y.assignment.AssignmentApplication     : Starting AssignmentApplication using Java 25.0.1 with PID 16904 (C:\Users\Mani.D\Desktop\Spring-boot\assignment\target\classes started by Mani.D in C:\Users\Mani.D\Desktop\Spring-boot\assignment)
2026-01-18T22:13:37.633+05:30 DEBUG 16904 --- [assignment] [restartedMain] c.y.assignment.AssignmentApplication     : Running with Spring Boot v4.0.1, Spring v7.0.2
2026-01-18T22:13:37.633+05:30  INFO 16904 --- [assignment] [restartedMain] c.y.assignment.AssignmentApplication     : No active profile set, falling back to 1 default profile: "default"
2026-01-18T22:13:38.064+05:30  INFO 16904 --- [assignment] [restartedMain] .s.d.r.c.RepositoryConfigurationDelegate : Bootstrapping Spring Data JPA repositories in DEFAULT mode.
2026-01-18T22:13:38.095+05:30  INFO 16904 --- [assignment] [restartedMain] .s.d.r.c.RepositoryConfigurationDelegate : Finished Spring Data repository scanning in 28 ms. Found 3 JPA repository interfaces.
2026-01-18T22:13:38.223+05:30  INFO 16904 --- [assignment] [restartedMain] o.s.boot.tomcat.TomcatWebServer          : Tomcat initialized with port 8080 (http)
2026-01-18T22:13:38.226+05:30  INFO 16904 --- [assignment] [restartedMain] o.apache.catalina.core.StandardService   : Starting service [Tomcat]
2026-01-18T22:13:38.226+05:30  INFO 16904 --- [assignment] [restartedMain] o.apache.catalina.core.StandardEngine    : Starting Servlet engine: [Apache Tomcat/11.0.15]
2026-01-18T22:13:38.261+05:30  INFO 16904 --- [assignment] [restartedMain] b.w.c.s.WebApplicationContextInitializer : Root WebApplicationContext: initialization completed in 624 ms
2026-01-18T22:13:38.324+05:30  INFO 16904 --- [assignment] [restartedMain] org.hibernate.orm.jpa                    : HHH008540: Processing PersistenceUnitInfo [name: default]
2026-01-18T22:13:38.370+05:30  INFO 16904 --- [assignment] [restartedMain] o.s.o.j.p.SpringPersistenceUnitInfo      : No LoadTimeWeaver setup: ignoring JPA class transformer
2026-01-18T22:13:38.371+05:30  INFO 16904 --- [assignment] [restartedMain] com.zaxxer.hikari.HikariDataSource       : HikariPool-7 - Starting...
2026-01-18T22:13:38.397+05:30  INFO 16904 --- [assignment] [restartedMain] com.zaxxer.hikari.pool.HikariPool        : HikariPool-7 - Added connection com.mysql.cj.jdbc.ConnectionImpl@73aa325d
2026-01-18T22:13:38.397+05:30  INFO 16904 --- [assignment] [restartedMain] com.zaxxer.hikari.HikariDataSource       : HikariPool-7 - Start completed.
2026-01-18T22:13:38.400+05:30  INFO 16904 --- [assignment] [restartedMain] org.hibernate.orm.connections.pooling    : HHH10001005: Database info:
	Database JDBC URL [jdbc:mysql://localhost:3306/assignment]
	Database driver: MySQL Connector/J
	Database dialect: MySQLDialect
	Database version: 8.0.44
	Default catalog/schema: assignment/undefined
	Autocommit mode: undefined/unknown
	Isolation level: REPEATABLE_READ [default REPEATABLE_READ]
	JDBC fetch size: none
	Pool: DataSourceConnectionProvider
	Minimum pool size: undefined/unknown
	Maximum pool size: undefined/unknown
2026-01-18T22:13:38.509+05:30  INFO 16904 --- [assignment] [restartedMain] org.hibernate.orm.core                   : HHH000489: No JTA platform available (set 'hibernate.transaction.jta.platform' to enable JTA platform integration)
2026-01-18T22:13:38.561+05:30  INFO 16904 --- [assignment] [restartedMain] j.LocalContainerEntityManagerFactoryBean : Initialized JPA EntityManagerFactory for persistence unit 'default'
2026-01-18T22:13:38.816+05:30  WARN 16904 --- [assignment] [restartedMain] JpaBaseConfiguration$JpaWebConfiguration : spring.jpa.open-in-view is enabled by default. Therefore, database queries may be performed during view rendering. Explicitly configure spring.jpa.open-in-view to disable this warning
2026-01-18T22:13:38.843+05:30  INFO 16904 --- [assignment] [restartedMain] o.s.v.b.OptionalValidatorFactoryBean     : Failed to set up a Bean Validation provider: jakarta.validation.NoProviderFoundException: Unable to create a Configuration, because no Jakarta Validation provider could be found. Add a provider like Hibernate Validator (RI) to your classpath.
2026-01-18T22:13:39.066+05:30  INFO 16904 --- [assignment] [restartedMain] o.s.boot.tomcat.TomcatWebServer          : Tomcat started on port 8080 (http) with context path '/'
2026-01-18T22:13:39.072+05:30  INFO 16904 --- [assignment] [restartedMain] c.y.assignment.AssignmentApplication     : Started AssignmentApplication in 1.477 seconds (process running for 9263.245)
2026-01-18T22:13:39.074+05:30  INFO 16904 --- [assignment] [restartedMain] .ConditionEvaluationDeltaLoggingListener : Condition evaluation unchanged
2026-01-18T22:55:28.424+05:30  INFO 16904 --- [assignment] [SpringApplicationShutdownHook] o.s.boot.tomcat.GracefulShutdown         : Commencing graceful shutdown. Waiting for active requests to complete
2026-01-18T22:55:28.430+05:30  INFO 16904 --- [assignment] [tomcat-shutdown] o.s.boot.tomcat.GracefulShutdown         : Graceful shutdown complete
2026-01-18T22:55:28.434+05:30  INFO 16904 --- [assignment] [SpringApplicationShutdownHook] j.LocalContainerEntityManagerFactoryBean : Closing JPA EntityManagerFactory for persistence unit 'default'
2026-01-18T22:55:28.434+05:30  INFO 16904 --- [assignment] [SpringApplicationShutdownHook] com.zaxxer.hikari.HikariDataSource       : HikariPool-7 - Shutdown initiated...
2026-01-18T22:55:28.437+05:30  INFO 16904 --- [assignment] [SpringApplicationShutdownHook] com.zaxxer.hikari.HikariDataSource       : HikariPool-7 - Shutdown completed.
